10:13:11 [main] INFO  RunPruebas.RunSprint1 - Comienza el proceso de automatizacion de CasoDePrueba675449
10:13:35 [main] INFO  RunPruebas.RunSprint1 - Se realiza un envio de texto en: By.xpath: //input[@id='search']
10:13:54 [main] INFO  RunPruebas.RunSprint1 - Se hace click sobre el elemento: By.xpath: //a[normalize-space()='Pagar']
10:14:01 [main] ERROR RunPruebas.RunSprint1 - org.openqa.selenium.NoSuchElementException: no such element: Unable to locate element: {"method":"xpath","selector":"//a[normalize-space()='Pagar']"}
  (Session info: chrome=112.0.5615.138)
For documentation on this error, please visit: https://www.seleniumhq.org/exceptions/no_such_element.html
Build info: version: '3.141.59', revision: 'e82be7d358', time: '2018-11-14T08:17:03'
System info: host: 'PE-HO-452', ip: '192.168.0.3', os.name: 'Windows 10', os.arch: 'amd64', os.version: '10.0', java.version: '19'
Driver info: org.openqa.selenium.chrome.ChromeDriver
Capabilities {acceptInsecureCerts: false, browserName: chrome, browserVersion: 112.0.5615.138, chrome: {chromedriverVersion: 112.0.5615.49 (bd2a7bcb881c..., userDataDir: C:\Users\GUSTAV~1\AppData\L...}, goog:chromeOptions: {debuggerAddress: localhost:64492}, javascriptEnabled: true, networkConnectionEnabled: false, pageLoadStrategy: normal, platform: WINDOWS, platformName: WINDOWS, proxy: Proxy(), setWindowRect: true, strictFileInteractability: false, timeouts: {implicit: 0, pageLoad: 300000, script: 30000}, unhandledPromptBehavior: dismiss and notify, webauthn:extension:credBlob: true, webauthn:extension:largeBlob: true, webauthn:extension:minPinLength: true, webauthn:extension:prf: true, webauthn:virtualAuthenticators: true}
Session ID: eeb88bbcdc0b9bd5218eca0223c32e1b
*** Element info: {Using=xpath, value=//a[normalize-space()='Pagar']}
10:14:05 [main] INFO  RunPruebas.RunSprint1 - Se realiza un envio de texto en: By.xpath: //input[@id='Confirmar Digite aqui su Cedula o Nit']
10:14:07 [main] INFO  RunPruebas.RunSprint1 - Se realiza un envio de texto en: By.xpath: //input[@id='Valor a pagar']
10:14:14 [main] INFO  RunPruebas.RunSprint1 - Se realiza un envio de texto en: By.xpath: //textarea[@id='Detalle del pago']
10:14:22 [main] INFO  RunPruebas.RunSprint1 - Se hace click sobre el elemento: By.xpath: //button/p[normalize-space()='Continuar']
10:14:23 [main] ERROR RunPruebas.RunSprint1 - org.openqa.selenium.NoSuchElementException: no such element: Unable to locate element: {"method":"xpath","selector":"//button/p[text()=' Volver ']"}
  (Session info: chrome=112.0.5615.138)
For documentation on this error, please visit: https://www.seleniumhq.org/exceptions/no_such_element.html
Build info: version: '3.141.59', revision: 'e82be7d358', time: '2018-11-14T08:17:03'
System info: host: 'PE-HO-452', ip: '192.168.0.3', os.name: 'Windows 10', os.arch: 'amd64', os.version: '10.0', java.version: '19'
Driver info: org.openqa.selenium.chrome.ChromeDriver
Capabilities {acceptInsecureCerts: false, browserName: chrome, browserVersion: 112.0.5615.138, chrome: {chromedriverVersion: 112.0.5615.49 (bd2a7bcb881c..., userDataDir: C:\Users\GUSTAV~1\AppData\L...}, goog:chromeOptions: {debuggerAddress: localhost:64492}, javascriptEnabled: true, networkConnectionEnabled: false, pageLoadStrategy: normal, platform: WINDOWS, platformName: WINDOWS, proxy: Proxy(), setWindowRect: true, strictFileInteractability: false, timeouts: {implicit: 0, pageLoad: 300000, script: 30000}, unhandledPromptBehavior: dismiss and notify, webauthn:extension:credBlob: true, webauthn:extension:largeBlob: true, webauthn:extension:minPinLength: true, webauthn:extension:prf: true, webauthn:virtualAuthenticators: true}
Session ID: eeb88bbcdc0b9bd5218eca0223c32e1b
*** Element info: {Using=xpath, value=//button/p[text()=' Volver ']}
10:14:23 [main] ERROR RunPruebas.RunHU2 - java.lang.InterruptedException
