{"name":"CasoDePrueba675452","status":"broken","statusDetails":{"known":false,"muted":false,"flaky":false,"message":"The document has been closed. You can't add any Elements.","trace":"com.itextpdf.text.DocumentException: The document has been closed. You can't add any Elements.\r\n\tat com.itextpdf.text.Document.add(Document.java:267)\r\n\tat Utilidades.GenerarReportePdf.cerrarPlantilla(GenerarReportePdf.java:260)\r\n\tat RunPruebas.RunHU2.CasoDePrueba675452(RunHU2.java:214)\r\n\tat java.base/jdk.internal.reflect.DirectMethodHandleAccessor.invoke(DirectMethodHandleAccessor.java:104)\r\n\tat java.base/java.lang.reflect.Method.invoke(Method.java:578)\r\n\tat org.testng.internal.MethodInvocationHelper.invokeMethod(MethodInvocationHelper.java:124)\r\n\tat org.testng.internal.Invoker.invokeMethod(Invoker.java:583)\r\n\tat org.testng.internal.Invoker.invokeTestMethod(Invoker.java:719)\r\n\tat org.testng.internal.Invoker.invokeTestMethods(Invoker.java:989)\r\n\tat org.testng.internal.TestMethodWorker.invokeTestMethods(TestMethodWorker.java:125)\r\n\tat org.testng.internal.TestMethodWorker.run(TestMethodWorker.java:109)\r\n\tat org.testng.TestRunner.privateRun(TestRunner.java:648)\r\n\tat org.testng.TestRunner.run(TestRunner.java:505)\r\n\tat org.testng.SuiteRunner.runTest(SuiteRunner.java:455)\r\n\tat org.testng.SuiteRunner.runSequentially(SuiteRunner.java:450)\r\n\tat org.testng.SuiteRunner.privateRun(SuiteRunner.java:415)\r\n\tat org.testng.SuiteRunner.run(SuiteRunner.java:364)\r\n\tat org.testng.SuiteRunnerWorker.runSuite(SuiteRunnerWorker.java:52)\r\n\tat org.testng.SuiteRunnerWorker.run(SuiteRunnerWorker.java:84)\r\n\tat org.testng.TestNG.runSuitesSequentially(TestNG.java:1208)\r\n\tat org.testng.TestNG.runSuitesLocally(TestNG.java:1137)\r\n\tat org.testng.TestNG.runSuites(TestNG.java:1049)\r\n\tat org.testng.TestNG.run(TestNG.java:1017)\r\n\tat org.apache.maven.surefire.testng.TestNGExecutor.run(TestNGExecutor.java:135)\r\n\tat org.apache.maven.surefire.testng.TestNGDirectoryTestSuite.executeSingleClass(TestNGDirectoryTestSuite.java:112)\r\n\tat org.apache.maven.surefire.testng.TestNGDirectoryTestSuite.execute(TestNGDirectoryTestSuite.java:99)\r\n\tat org.apache.maven.surefire.testng.TestNGProvider.invoke(TestNGProvider.java:146)\r\n\tat org.apache.maven.surefire.booter.ForkedBooter.invokeProviderInSameClassLoader(ForkedBooter.java:384)\r\n\tat org.apache.maven.surefire.booter.ForkedBooter.runSuitesInProcess(ForkedBooter.java:345)\r\n\tat org.apache.maven.surefire.booter.ForkedBooter.execute(ForkedBooter.java:126)\r\n\tat org.apache.maven.surefire.booter.ForkedBooter.main(ForkedBooter.java:418)\r\n"},"stage":"finished","description":"CP03 - Validar funcionalidad  bot√≥n Pago Agil","steps":[{"name":"Ingreso a la pagina","status":"passed","stage":"finished","steps":[],"attachments":[],"parameters":[{"name":"url","value":"https://10.130.1.205:10029/wps/portal/portal-de-pagos/"}],"start":1682370386495,"stop":1682370394593},{"name":"Metodo para confirmacion boton Pago Agil","status":"broken","statusDetails":{"known":false,"muted":false,"flaky":false,"message":"No frame element found by name or id iframe-nofacturador\nBuild info: version: '3.141.59', revision: 'e82be7d358', time: '2018-11-14T08:17:03'\nSystem info: host: 'PE-HO-452', ip: '192.168.0.3', os.name: 'Windows 10', os.arch: 'amd64', os.version: '10.0', java.version: '19'\nDriver info: driver.version: unknown","trace":"org.openqa.selenium.NoSuchFrameException: No frame element found by name or id iframe-nofacturador\nBuild info: version: '3.141.59', revision: 'e82be7d358', time: '2018-11-14T08:17:03'\nSystem info: host: 'PE-HO-452', ip: '192.168.0.3', os.name: 'Windows 10', os.arch: 'amd64', os.version: '10.0', java.version: '19'\nDriver info: driver.version: unknown\r\n\tat org.openqa.selenium.remote.RemoteWebDriver$RemoteTargetLocator.frame(RemoteWebDriver.java:885)\r\n\tat Utilidades.Sprint1Utilities.MetodoIframe(Sprint1Utilities.java:136)\r\n\tat PageObjects.ConfirmaTuPagoPage.botonPagoAgil(ConfirmaTuPagoPage.java:199)\r\n\tat RunPruebas.RunHU2.CasoDePrueba675452(RunHU2.java:206)\r\n\tat java.base/jdk.internal.reflect.DirectMethodHandleAccessor.invoke(DirectMethodHandleAccessor.java:104)\r\n\tat java.base/java.lang.reflect.Method.invoke(Method.java:578)\r\n\tat org.testng.internal.MethodInvocationHelper.invokeMethod(MethodInvocationHelper.java:124)\r\n\tat org.testng.internal.Invoker.invokeMethod(Invoker.java:583)\r\n\tat org.testng.internal.Invoker.invokeTestMethod(Invoker.java:719)\r\n\tat org.testng.internal.Invoker.invokeTestMethods(Invoker.java:989)\r\n\tat org.testng.internal.TestMethodWorker.invokeTestMethods(TestMethodWorker.java:125)\r\n\tat org.testng.internal.TestMethodWorker.run(TestMethodWorker.java:109)\r\n\tat org.testng.TestRunner.privateRun(TestRunner.java:648)\r\n\tat org.testng.TestRunner.run(TestRunner.java:505)\r\n\tat org.testng.SuiteRunner.runTest(SuiteRunner.java:455)\r\n\tat org.testng.SuiteRunner.runSequentially(SuiteRunner.java:450)\r\n\tat org.testng.SuiteRunner.privateRun(SuiteRunner.java:415)\r\n\tat org.testng.SuiteRunner.run(SuiteRunner.java:364)\r\n\tat org.testng.SuiteRunnerWorker.runSuite(SuiteRunnerWorker.java:52)\r\n\tat org.testng.SuiteRunnerWorker.run(SuiteRunnerWorker.java:84)\r\n\tat org.testng.TestNG.runSuitesSequentially(TestNG.java:1208)\r\n\tat org.testng.TestNG.runSuitesLocally(TestNG.java:1137)\r\n\tat org.testng.TestNG.runSuites(TestNG.java:1049)\r\n\tat org.testng.TestNG.run(TestNG.java:1017)\r\n\tat org.apache.maven.surefire.testng.TestNGExecutor.run(TestNGExecutor.java:135)\r\n\tat org.apache.maven.surefire.testng.TestNGDirectoryTestSuite.executeSingleClass(TestNGDirectoryTestSuite.java:112)\r\n\tat org.apache.maven.surefire.testng.TestNGDirectoryTestSuite.execute(TestNGDirectoryTestSuite.java:99)\r\n\tat org.apache.maven.surefire.testng.TestNGProvider.invoke(TestNGProvider.java:146)\r\n\tat org.apache.maven.surefire.booter.ForkedBooter.invokeProviderInSameClassLoader(ForkedBooter.java:384)\r\n\tat org.apache.maven.surefire.booter.ForkedBooter.runSuitesInProcess(ForkedBooter.java:345)\r\n\tat org.apache.maven.surefire.booter.ForkedBooter.execute(ForkedBooter.java:126)\r\n\tat org.apache.maven.surefire.booter.ForkedBooter.main(ForkedBooter.java:418)\r\n"},"stage":"finished","steps":[],"attachments":[],"parameters":[{"name":"folderPath","value":".\\outputData\\CasoDePrueba675452-20230424-160625"},{"name":"busqueda","value":"Aulas Amigas"},{"name":"documento","value":"1238"},{"name":"valor","value":"1004"},{"name":"detalle","value":"Prueba QA"},{"name":"generarEvidencia","value":"SI"}],"start":1682370394594,"stop":1682370406307}],"attachments":[],"parameters":[{"name":"arg3","value":"Aulas Amigas"},{"name":"arg2","value":"SI"},{"name":"arg5","value":"1004"},{"name":"arg4","value":"1238"},{"name":"arg1","value":"675452"},{"name":"arg0","value":"HU2_Regresion_CP03"},{"name":"arg6","value":"Prueba QA"}],"start":1682370382655,"stop":1682370407023,"uuid":"8ea09526-e567-4db0-9575-05b2779420b3","historyId":"9509250df9be6bb4185579fa76fec636","fullName":"RunPruebas.RunHU2.CasoDePrueba675452","labels":[{"name":"package","value":"RunPruebas.RunHU2"},{"name":"testClass","value":"RunPruebas.RunHU2"},{"name":"testMethod","value":"CasoDePrueba675452"},{"name":"parentSuite","value":"Surefire suite"},{"name":"suite","value":"Surefire test"},{"name":"subSuite","value":"RunPruebas.RunHU2"},{"name":"host","value":"PE-HO-452"},{"name":"thread","value":"13488@PE-HO-452.main(1)"},{"name":"framework","value":"testng"},{"name":"language","value":"java"},{"name":"story","value":"AvalPayCenter "},{"name":"severity","value":"normal"}],"links":[]}